<?xml version="1.0" encoding="UTF-8"?>
<!-- Generated by org.testng.reporters.JUnitReportReporter -->
<testsuite hostname="DESKTOP-F4L6MME" failures="0" tests="2" name="com.bankguru.login.Login_01_CreateUserAndLogin" time="6.251" errors="0" timestamp="20 Aug 2019 03:46:40 GMT">
  <testcase classname="com.bankguru.login.Login_01_CreateUserAndLogin" name="TC_Login02_LoginToApplication" time="3.059"/>
  <testcase classname="com.bankguru.login.Login_01_CreateUserAndLogin" name="TC_Login01_CreateUser" time="3.192"/>
</testsuite> <!-- com.bankguru.login.Login_01_CreateUserAndLogin -->
