<?xml version="1.0" encoding="UTF-8"?>
<!-- Generated by org.testng.reporters.JUnitReportReporter -->
<testsuite hostname="DESKTOP-3BIFBGQ" failures="0" tests="2" name="com.bankguru.login.Login_01_CreateUserAndLogin" time="10.034" errors="0" timestamp="28 Sep 2019 06:33:10 GMT">
  <testcase classname="com.bankguru.login.Login_01_CreateUserAndLogin" name="TC_Login02_LoginToApplication" time="4.447"/>
  <testcase classname="com.bankguru.login.Login_01_CreateUserAndLogin" name="TC_Login01_CreateUser" time="5.587"/>
</testsuite> <!-- com.bankguru.login.Login_01_CreateUserAndLogin -->
